2025-07-18T18:58:21: 
> whatsapp-advanced-webapp@0.1.0 start
> next start

2025-07-18T19:11:29: 
> whatsapp-advanced-webapp@0.1.0 start
> next start

2025-07-18T19:25:58: 
> whatsapp-advanced-webapp@0.1.0 start
> next start

2025-07-18T19:34:28: 
> whatsapp-advanced-webapp@0.1.0 start
> next start

2025-07-18T19:35:51: 
> whatsapp-advanced-webapp@0.1.0 start
> next start

2025-07-18T19:37:25: 
> whatsapp-advanced-webapp@0.1.0 start
> next start

2025-07-18T19:39:00: 
> whatsapp-advanced-webapp@0.1.0 start
> next start

2025-07-18T19:41:27: 
> whatsapp-advanced-webapp@0.1.0 start
> next start

2025-07-18T19:51:10: 
> whatsapp-advanced-webapp@0.1.0 start
> next start

2025-07-18T19:53:29: 
> whatsapp-advanced-webapp@0.1.0 start
> next start

2025-07-18T19:57:05: 
> whatsapp-advanced-webapp@0.1.0 start
> next start

2025-07-18T19:59:21: 
> whatsapp-advanced-webapp@0.1.0 start
> next start

2025-07-18T20:01:42: 
> whatsapp-advanced-webapp@0.1.0 start
> next start

2025-07-18T20:04:12: 
> whatsapp-advanced-webapp@0.1.0 start
> next start

2025-07-18T20:07:36: 
> whatsapp-advanced-webapp@0.1.0 start
> next start

2025-07-18T20:10:23: 
> whatsapp-advanced-webapp@0.1.0 start
> next start

2025-07-18T20:15:43: 
> whatsapp-advanced-webapp@0.1.0 start
> next start

2025-07-18T20:16:37: 
> whatsapp-advanced-webapp@0.1.0 start
> next start

2025-07-18T20:23:05: 
> whatsapp-advanced-webapp@0.1.0 start
> next start

2025-07-18T20:24:31: 
> whatsapp-advanced-webapp@0.1.0 start
> next start

2025-07-18T20:29:36: 
> whatsapp-advanced-webapp@0.1.0 start
> next start

2025-07-18T20:31:34: 
> whatsapp-advanced-webapp@0.1.0 start
> next start

2025-07-18T20:36:41: 
> whatsapp-advanced-webapp@0.1.0 start
> next start

2025-07-18T20:37:38: 
> whatsapp-advanced-webapp@0.1.0 start
> next start

2025-07-18T20:44:34: 
> whatsapp-advanced-webapp@0.1.0 start
> next start

2025-07-18T20:50:41: 
> whatsapp-advanced-webapp@0.1.0 start
> next start

2025-07-18T20:52:38: 
> whatsapp-advanced-webapp@0.1.0 start
> next start

2025-07-18T20:57:21: 
> whatsapp-advanced-webapp@0.1.0 start
> next start

2025-07-18T20:59:59: 
> whatsapp-advanced-webapp@0.1.0 start
> next start

2025-07-18T21:07:18: 
> whatsapp-advanced-webapp@0.1.0 start
> next start

2025-07-18T21:08:55: 
> whatsapp-advanced-webapp@0.1.0 start
> next start

2025-07-18T21:12:33: 
> whatsapp-advanced-webapp@0.1.0 start
> next start

2025-07-18T21:19:16: 
> whatsapp-advanced-webapp@0.1.0 start
> next start

2025-07-18T22:45:06: 
> whatsapp-advanced-webapp@0.1.0 start
> next start

2025-07-18T22:45:07: 2025-07-18T22:45:07: 2025-07-18T22:45:07: 
> whatsapp-advanced-webapp@0.1.0 start
> next start

2025-07-18T22:45:07: 2025-07-18T22:45:07: 
> whatsapp-advanced-webapp@0.1.0 start
> next start

2025-07-18T22:45:08: 2025-07-18T22:45:08: 
> whatsapp-advanced-webapp@0.1.0 start
> next start

2025-07-18T22:45:09: 2025-07-18T22:45:09: 
> whatsapp-advanced-webapp@0.1.0 start
> next start

2025-07-18T22:45:09: 2025-07-18T22:45:10: 
> whatsapp-advanced-webapp@0.1.0 start
> next start

2025-07-18T22:45:10: 2025-07-18T22:45:10: 
> whatsapp-advanced-webapp@0.1.0 start
> next start

2025-07-18T22:45:11: 2025-07-18T22:45:11: 
> whatsapp-advanced-webapp@0.1.0 start
> next start

2025-07-18T22:45:12: 2025-07-18T22:45:12: 
> whatsapp-advanced-webapp@0.1.0 start
> next start

2025-07-18T22:45:12: 2025-07-18T22:45:12: 2025-07-18T22:45:12: 
> whatsapp-advanced-webapp@0.1.0 start
> next start

2025-07-18T22:45:13: 2025-07-18T22:45:13: 2025-07-18T22:45:13: 
> whatsapp-advanced-webapp@0.1.0 start
> next start

2025-07-18T22:45:14: 2025-07-18T22:45:14: 2025-07-18T22:45:14: 
> whatsapp-advanced-webapp@0.1.0 start
> next start

2025-07-18T22:45:14: 2025-07-18T22:45:14: 2025-07-18T22:45:14: 
> whatsapp-advanced-webapp@0.1.0 start
> next start

2025-07-18T22:45:15: 2025-07-18T22:45:15: 2025-07-18T22:45:15: 
> whatsapp-advanced-webapp@0.1.0 start
> next start

2025-07-18T22:45:16: 2025-07-18T22:45:16: 2025-07-18T22:45:16: 
> whatsapp-advanced-webapp@0.1.0 start
> next start

2025-07-18T22:45:16: 2025-07-18T22:45:16: 
> whatsapp-advanced-webapp@0.1.0 start
> next start

2025-07-18T22:45:17: 2025-07-18T22:45:17: 