2025-07-18T10:14:08: 
> whatsapp-advanced-webapp@0.1.0 start
> next start

2025-07-18T10:18:58: 
> whatsapp-advanced-webapp@0.1.0 start
> next start

2025-07-18T10:37:56: 
> whatsapp-advanced-webapp@0.1.0 start
> next start

2025-07-18T10:50:30: 
> whatsapp-advanced-webapp@0.1.0 start
> next start

2025-07-18T10:59:55: 
> whatsapp-advanced-webapp@0.1.0 start
> next start

2025-07-18T11:08:18: 
> whatsapp-advanced-webapp@0.1.0 start
> next start

2025-07-18T11:13:53: 
> whatsapp-advanced-webapp@0.1.0 start
> next start

2025-07-18T11:37:01: 
> whatsapp-advanced-webapp@0.1.0 start
> next start

2025-07-18T12:01:02: 
> whatsapp-advanced-webapp@0.1.0 start
> next start

2025-07-18T12:01:03: 2025-07-18T12:01:03: 2025-07-18T12:01:03: 
> whatsapp-advanced-webapp@0.1.0 start
> next start

2025-07-18T12:01:03: 2025-07-18T12:01:03: 
> whatsapp-advanced-webapp@0.1.0 start
> next start

2025-07-18T12:01:03: 2025-07-18T12:01:03: 2025-07-18T12:01:03: 
> whatsapp-advanced-webapp@0.1.0 start
> next start

2025-07-18T12:01:04: 2025-07-18T12:01:04: 
> whatsapp-advanced-webapp@0.1.0 start
> next start

2025-07-18T12:01:04: 2025-07-18T12:01:04: 
> whatsapp-advanced-webapp@0.1.0 start
> next start

2025-07-18T12:01:04: 2025-07-18T12:01:04: 2025-07-18T12:01:05: 
> whatsapp-advanced-webapp@0.1.0 start
> next start

2025-07-18T12:01:05: 2025-07-18T12:01:05: 2025-07-18T12:01:05: 
> whatsapp-advanced-webapp@0.1.0 start
> next start

2025-07-18T12:01:05: 2025-07-18T12:01:05: 2025-07-18T12:01:05: 
> whatsapp-advanced-webapp@0.1.0 start
> next start

2025-07-18T12:01:05: 2025-07-18T12:01:05: 2025-07-18T12:01:06: 
> whatsapp-advanced-webapp@0.1.0 start
> next start

2025-07-18T12:01:06: 2025-07-18T12:01:06: 
> whatsapp-advanced-webapp@0.1.0 start
> next start

2025-07-18T12:01:06: 2025-07-18T12:01:06: 
> whatsapp-advanced-webapp@0.1.0 start
> next start

2025-07-18T12:01:06: 2025-07-18T12:01:07: 
> whatsapp-advanced-webapp@0.1.0 start
> next start

2025-07-18T12:01:07: 2025-07-18T12:01:07: 2025-07-18T12:01:07: 
> whatsapp-advanced-webapp@0.1.0 start
> next start

2025-07-18T12:01:07: 2025-07-18T12:01:07: 2025-07-18T12:01:07: 
> whatsapp-advanced-webapp@0.1.0 start
> next start

2025-07-18T12:01:07: 2025-07-18T12:01:07: 2025-07-18T12:01:08: 
> whatsapp-advanced-webapp@0.1.0 start
> next start

2025-07-18T12:01:08: 2025-07-18T18:56:07: 
> whatsapp-advanced-webapp@0.1.0 start
> next start

2025-07-18T18:56:08: 2025-07-18T18:56:08: 
> whatsapp-advanced-webapp@0.1.0 start
> next start

2025-07-18T18:56:08: 2025-07-18T18:56:08: 
> whatsapp-advanced-webapp@0.1.0 start
> next start

2025-07-18T18:56:08: 2025-07-18T18:56:08: 
> whatsapp-advanced-webapp@0.1.0 start
> next start

2025-07-18T18:56:09: 2025-07-18T18:56:09: 
> whatsapp-advanced-webapp@0.1.0 start
> next start

2025-07-18T18:56:09: 2025-07-18T18:56:09: 
> whatsapp-advanced-webapp@0.1.0 start
> next start

2025-07-18T18:56:09: 2025-07-18T18:56:09: 
> whatsapp-advanced-webapp@0.1.0 start
> next start

2025-07-18T18:56:10: 2025-07-18T18:56:10: 2025-07-18T18:56:10: 
> whatsapp-advanced-webapp@0.1.0 start
> next start

2025-07-18T18:56:10: 2025-07-18T18:56:10: 
> whatsapp-advanced-webapp@0.1.0 start
> next start

2025-07-18T18:56:10: 2025-07-18T18:56:10: 
> whatsapp-advanced-webapp@0.1.0 start
> next start

2025-07-18T18:56:11: 2025-07-18T18:56:11: 
> whatsapp-advanced-webapp@0.1.0 start
> next start

2025-07-18T18:56:11: 2025-07-18T18:56:11: 
> whatsapp-advanced-webapp@0.1.0 start
> next start

2025-07-18T18:56:11: 2025-07-18T18:56:11: 2025-07-18T18:56:11: 
> whatsapp-advanced-webapp@0.1.0 start
> next start

2025-07-18T18:56:11: 2025-07-18T18:56:12: 
> whatsapp-advanced-webapp@0.1.0 start
> next start

2025-07-18T18:56:12: 2025-07-18T18:56:12: 
> whatsapp-advanced-webapp@0.1.0 start
> next start

2025-07-18T18:56:12: 2025-07-18T18:56:12: 
> whatsapp-advanced-webapp@0.1.0 start
> next start

2025-07-18T18:56:12: 2025-07-18T18:56:52: 
> whatsapp-advanced-webapp@0.1.0 start
> next start

2025-07-18T18:56:52: 2025-07-18T18:56:52: 
> whatsapp-advanced-webapp@0.1.0 start
> next start

2025-07-18T18:56:52: 2025-07-18T18:56:52: 
> whatsapp-advanced-webapp@0.1.0 start
> next start

2025-07-18T18:56:53: 2025-07-18T18:56:53: 
> whatsapp-advanced-webapp@0.1.0 start
> next start

2025-07-18T18:56:53: 2025-07-18T18:56:53: 
> whatsapp-advanced-webapp@0.1.0 start
> next start

2025-07-18T18:56:53: 2025-07-18T18:56:53: 
> whatsapp-advanced-webapp@0.1.0 start
> next start

2025-07-18T18:56:54: 2025-07-18T18:56:54: 
> whatsapp-advanced-webapp@0.1.0 start
> next start

2025-07-18T18:56:54: 2025-07-18T18:56:54: 
> whatsapp-advanced-webapp@0.1.0 start
> next start

2025-07-18T18:56:54: 2025-07-18T18:56:54: 
> whatsapp-advanced-webapp@0.1.0 start
> next start

2025-07-18T18:56:55: 2025-07-18T18:56:55: 
> whatsapp-advanced-webapp@0.1.0 start
> next start

2025-07-18T18:56:55: 2025-07-18T18:56:55: 
> whatsapp-advanced-webapp@0.1.0 start
> next start

2025-07-18T18:56:55: 2025-07-18T18:56:55: 
> whatsapp-advanced-webapp@0.1.0 start
> next start

2025-07-18T18:56:56: 2025-07-18T18:56:56: 
> whatsapp-advanced-webapp@0.1.0 start
> next start

2025-07-18T18:56:56: 2025-07-18T18:56:56: 
> whatsapp-advanced-webapp@0.1.0 start
> next start

2025-07-18T18:56:56: 2025-07-18T18:56:56: 
> whatsapp-advanced-webapp@0.1.0 start
> next start

2025-07-18T18:56:57: 2025-07-18T18:56:57: 
> whatsapp-advanced-webapp@0.1.0 start
> next start

2025-07-18T18:56:57: 