You have triggered an unhandledRejection, you may have forgotten to catch a Promise rejection:
ProtocolError: Protocol error (Runtime.callFunctionOn): Target closed.
    at /home/admin1/WhatsappAdvWebapp/whatsapp-advanced-webapp/node_modules/puppeteer-core/lib/cjs/puppeteer/common/Connection.js:329:24
    at new Promise (<anonymous>)
    at CDPSessionImpl.send (/home/admin1/WhatsappAdvWebapp/whatsapp-advanced-webapp/node_modules/puppeteer-core/lib/cjs/puppeteer/common/Connection.js:325:16)
    at ExecutionContext._ExecutionContext_evaluate (/home/admin1/WhatsappAdvWebapp/whatsapp-advanced-webapp/node_modules/puppeteer-core/lib/cjs/puppeteer/common/ExecutionContext.js:211:46)
    at process.processTicksAndRejections (node:internal/process/task_queues:105:5)
    at async ExecutionContext.evaluate (/home/admin1/WhatsappAdvWebapp/whatsapp-advanced-webapp/node_modules/puppeteer-core/lib/cjs/puppeteer/common/ExecutionContext.js:107:16)
Error: bind EADDRINUSE null:3002
    at listenOnPrimaryHandle (node:net:2021:18)
    at rr (node:internal/cluster/child:163:12)
    at Worker.<anonymous> (node:internal/cluster/child:113:7)
    at process.onInternalMessage (node:internal/cluster/utils:49:5)
    at process.emit (node:events:530:35)
    at emit (node:internal/child_process:949:14)
    at process.processTicksAndRejections (node:internal/process/task_queues:91:21)
Error: bind EADDRINUSE null:3002
    at listenOnPrimaryHandle (node:net:2021:18)
    at rr (node:internal/cluster/child:163:12)
    at Worker.<anonymous> (node:internal/cluster/child:113:7)
    at process.onInternalMessage (node:internal/cluster/utils:49:5)
    at process.emit (node:events:530:35)
    at emit (node:internal/child_process:949:14)
    at process.processTicksAndRejections (node:internal/process/task_queues:91:21)
Error: bind EADDRINUSE null:3002
    at listenOnPrimaryHandle (node:net:2021:18)
    at rr (node:internal/cluster/child:163:12)
    at Worker.<anonymous> (node:internal/cluster/child:113:7)
    at process.onInternalMessage (node:internal/cluster/utils:49:5)
    at process.emit (node:events:530:35)
    at emit (node:internal/child_process:949:14)
    at process.processTicksAndRejections (node:internal/process/task_queues:91:21)
Error: bind EADDRINUSE null:3002
    at listenOnPrimaryHandle (node:net:2021:18)
    at rr (node:internal/cluster/child:163:12)
    at Worker.<anonymous> (node:internal/cluster/child:113:7)
    at process.onInternalMessage (node:internal/cluster/utils:49:5)
    at process.emit (node:events:530:35)
    at emit (node:internal/child_process:949:14)
    at process.processTicksAndRejections (node:internal/process/task_queues:91:21)
Error: bind EADDRINUSE null:3002
    at listenOnPrimaryHandle (node:net:2021:18)
    at rr (node:internal/cluster/child:163:12)
    at Worker.<anonymous> (node:internal/cluster/child:113:7)
    at process.onInternalMessage (node:internal/cluster/utils:49:5)
    at process.emit (node:events:530:35)
    at emit (node:internal/child_process:949:14)
    at process.processTicksAndRejections (node:internal/process/task_queues:91:21)
Error: bind EADDRINUSE null:3002
    at listenOnPrimaryHandle (node:net:2021:18)
    at rr (node:internal/cluster/child:163:12)
    at Worker.<anonymous> (node:internal/cluster/child:113:7)
    at process.onInternalMessage (node:internal/cluster/utils:49:5)
    at process.emit (node:events:530:35)
    at emit (node:internal/child_process:949:14)
    at process.processTicksAndRejections (node:internal/process/task_queues:91:21)
Error: bind EADDRINUSE null:3002
    at listenOnPrimaryHandle (node:net:2021:18)
    at rr (node:internal/cluster/child:163:12)
    at Worker.<anonymous> (node:internal/cluster/child:113:7)
    at process.onInternalMessage (node:internal/cluster/utils:49:5)
    at process.emit (node:events:530:35)
    at emit (node:internal/child_process:949:14)
    at process.processTicksAndRejections (node:internal/process/task_queues:91:21)
Error: bind EADDRINUSE null:3002
    at listenOnPrimaryHandle (node:net:2021:18)
    at rr (node:internal/cluster/child:163:12)
    at Worker.<anonymous> (node:internal/cluster/child:113:7)
    at process.onInternalMessage (node:internal/cluster/utils:49:5)
    at process.emit (node:events:530:35)
    at emit (node:internal/child_process:949:14)
    at process.processTicksAndRejections (node:internal/process/task_queues:91:21)
Error: bind EADDRINUSE null:3002
    at listenOnPrimaryHandle (node:net:2021:18)
    at rr (node:internal/cluster/child:163:12)
    at Worker.<anonymous> (node:internal/cluster/child:113:7)
    at process.onInternalMessage (node:internal/cluster/utils:49:5)
    at process.emit (node:events:530:35)
    at emit (node:internal/child_process:949:14)
    at process.processTicksAndRejections (node:internal/process/task_queues:91:21)
Error: bind EADDRINUSE null:3002
    at listenOnPrimaryHandle (node:net:2021:18)
    at rr (node:internal/cluster/child:163:12)
    at Worker.<anonymous> (node:internal/cluster/child:113:7)
    at process.onInternalMessage (node:internal/cluster/utils:49:5)
    at process.emit (node:events:530:35)
    at emit (node:internal/child_process:949:14)
    at process.processTicksAndRejections (node:internal/process/task_queues:91:21)
Error: bind EADDRINUSE null:3002
    at listenOnPrimaryHandle (node:net:2021:18)
    at rr (node:internal/cluster/child:163:12)
    at Worker.<anonymous> (node:internal/cluster/child:113:7)
    at process.onInternalMessage (node:internal/cluster/utils:49:5)
    at process.emit (node:events:530:35)
    at emit (node:internal/child_process:949:14)
    at process.processTicksAndRejections (node:internal/process/task_queues:91:21)
Error: bind EADDRINUSE null:3002
    at listenOnPrimaryHandle (node:net:2021:18)
    at rr (node:internal/cluster/child:163:12)
    at Worker.<anonymous> (node:internal/cluster/child:113:7)
    at process.onInternalMessage (node:internal/cluster/utils:49:5)
    at process.emit (node:events:530:35)
    at emit (node:internal/child_process:949:14)
    at process.processTicksAndRejections (node:internal/process/task_queues:91:21)
Error: bind EADDRINUSE null:3002
    at listenOnPrimaryHandle (node:net:2021:18)
    at rr (node:internal/cluster/child:163:12)
    at Worker.<anonymous> (node:internal/cluster/child:113:7)
    at process.onInternalMessage (node:internal/cluster/utils:49:5)
    at process.emit (node:events:530:35)
    at emit (node:internal/child_process:949:14)
    at process.processTicksAndRejections (node:internal/process/task_queues:91:21)
Error: bind EADDRINUSE null:3002
    at listenOnPrimaryHandle (node:net:2021:18)
    at rr (node:internal/cluster/child:163:12)
    at Worker.<anonymous> (node:internal/cluster/child:113:7)
    at process.onInternalMessage (node:internal/cluster/utils:49:5)
    at process.emit (node:events:530:35)
    at emit (node:internal/child_process:949:14)
    at process.processTicksAndRejections (node:internal/process/task_queues:91:21)
Error: bind EADDRINUSE null:3002
    at listenOnPrimaryHandle (node:net:2021:18)
    at rr (node:internal/cluster/child:163:12)
    at Worker.<anonymous> (node:internal/cluster/child:113:7)
    at process.onInternalMessage (node:internal/cluster/utils:49:5)
    at process.emit (node:events:530:35)
    at emit (node:internal/child_process:949:14)
    at process.processTicksAndRejections (node:internal/process/task_queues:91:21)
Error: bind EADDRINUSE null:3002
    at listenOnPrimaryHandle (node:net:2021:18)
    at rr (node:internal/cluster/child:163:12)
    at Worker.<anonymous> (node:internal/cluster/child:113:7)
    at process.onInternalMessage (node:internal/cluster/utils:49:5)
    at process.emit (node:events:530:35)
    at emit (node:internal/child_process:949:14)
    at process.processTicksAndRejections (node:internal/process/task_queues:91:21)
