2025-07-18T10:14:09: WhatsApp server running on port 3001
2025-07-18T10:37:56: WhatsApp server running on port 3001
2025-07-18T10:50:30: WhatsApp server running on port 3001
2025-07-18T10:59:55: WhatsApp server running on port 3001
2025-07-18T11:08:18: WhatsApp server running on port 3001
2025-07-18T11:13:53: WhatsApp server running on port 3001
2025-07-18T11:37:01: WhatsApp server running on port 3001
2025-07-18T12:01:03: WhatsApp server running on port 3001
2025-07-18T12:27:55: Client connected: Vk4L5G64gG8_bq67AAAB
2025-07-18T12:28:31: QR Code for session 81b1ef9c-24f9-4801-ac97-b88795c04f9e: 2@0w5ihKDsQRI8CxuSOXmUp+lcny/wUZ/ZWeANcGYTHrXyXXGLO0rz1QN9GNjWOKQkKSK6ybp4XnesFzxa71h/6LqS4Bre6CqW+iA=,NsQGi+Dt9HS+YQPhni25pk+EuHBpnYXPNm4g135ZY24=,luL1cI5LQApnmnGLRnL93vEqmxsgVWYKM3FH7ILShRE=,+sbT4mDnICPWiV7WX4hA3dkYcvmDOHOMwKVgWS+VkH4=,1
2025-07-18T12:29:31: QR Code for session 81b1ef9c-24f9-4801-ac97-b88795c04f9e: 2@qNWRw9YxK9h9bj+vs3odmA4mACSPzERjNEsGcRlLRNn+KQ3OWKj/nC5c8ywP6CdGwsUtygMLuERdg2cuOnRgjhu9zgr84rml6hI=,NsQGi+Dt9HS+YQPhni25pk+EuHBpnYXPNm4g135ZY24=,luL1cI5LQApnmnGLRnL93vEqmxsgVWYKM3FH7ILShRE=,+sbT4mDnICPWiV7WX4hA3dkYcvmDOHOMwKVgWS+VkH4=,1
2025-07-18T12:29:51: QR Code for session 81b1ef9c-24f9-4801-ac97-b88795c04f9e: 2@sTPm92ayUZ7KWEw9k7GmaOWR9+UL00XMnbloYE5xsWVD9hbHcxOI/ENB0A1c/4rUvjTT0AQYEqQLR8CcLFvy3S4FLVfV8u4HwYw=,NsQGi+Dt9HS+YQPhni25pk+EuHBpnYXPNm4g135ZY24=,luL1cI5LQApnmnGLRnL93vEqmxsgVWYKM3FH7ILShRE=,+sbT4mDnICPWiV7WX4hA3dkYcvmDOHOMwKVgWS+VkH4=,1
2025-07-18T12:30:11: QR Code for session 81b1ef9c-24f9-4801-ac97-b88795c04f9e: 2@igZSonSv6k/YcEUhrQiFMmch+SQDzpf/SAAohbUFRHUm0+cGACaIFpEXPWvWx8MnJc/Vh3BgZ16mjBHa01V2s5etsfUwJJENi18=,NsQGi+Dt9HS+YQPhni25pk+EuHBpnYXPNm4g135ZY24=,luL1cI5LQApnmnGLRnL93vEqmxsgVWYKM3FH7ILShRE=,+sbT4mDnICPWiV7WX4hA3dkYcvmDOHOMwKVgWS+VkH4=,1
2025-07-18T12:30:31: QR Code for session 81b1ef9c-24f9-4801-ac97-b88795c04f9e: 2@baiZ0ZphEhQPeM4QIC4jq9ynUtG6CjZ4mTWqlAQfk4nH6HwAKnmkKRvwGXflr6CiuIOB3tx6v0nf9sQ5zXTTpa3tx+dFYkrRZJQ=,NsQGi+Dt9HS+YQPhni25pk+EuHBpnYXPNm4g135ZY24=,luL1cI5LQApnmnGLRnL93vEqmxsgVWYKM3FH7ILShRE=,+sbT4mDnICPWiV7WX4hA3dkYcvmDOHOMwKVgWS+VkH4=,1
2025-07-18T12:30:51: QR Code for session 81b1ef9c-24f9-4801-ac97-b88795c04f9e: 2@Rrzslis9toBHdAisDRWi44eumNpUTyFM2V7o8x0LfTSRzkb3Nh5HSofuf/QmiEZ5ThqTT75DHxiQmOrZ0ehgLbo93x+6LblABZg=,NsQGi+Dt9HS+YQPhni25pk+EuHBpnYXPNm4g135ZY24=,luL1cI5LQApnmnGLRnL93vEqmxsgVWYKM3FH7ILShRE=,+sbT4mDnICPWiV7WX4hA3dkYcvmDOHOMwKVgWS+VkH4=,1
2025-07-18T12:32:05: QR Code for session 81b1ef9c-24f9-4801-ac97-b88795c04f9e: 2@ltCTnfLhvoiAR4ydSh5alfVy92IRy8hGnkWvmte2lL1KLKDgGPdFlrld5Qb+8SVV54gRrLQ1wFPm+qsYJkV1uMYe/EHxI4XXrs8=,NsQGi+Dt9HS+YQPhni25pk+EuHBpnYXPNm4g135ZY24=,luL1cI5LQApnmnGLRnL93vEqmxsgVWYKM3FH7ILShRE=,+sbT4mDnICPWiV7WX4hA3dkYcvmDOHOMwKVgWS+VkH4=,1
2025-07-18T12:33:05: QR Code for session 81b1ef9c-24f9-4801-ac97-b88795c04f9e: 2@Ow5wx3z4NH7c2OiBYVw2CcTOKcfyRGpJ18dSaierSQvUqnmXGTciDxSeZzeFKvr59c0Ka3V95iC6uUX1VK/Kn3ygAcbNDqNfoBg=,NsQGi+Dt9HS+YQPhni25pk+EuHBpnYXPNm4g135ZY24=,luL1cI5LQApnmnGLRnL93vEqmxsgVWYKM3FH7ILShRE=,+sbT4mDnICPWiV7WX4hA3dkYcvmDOHOMwKVgWS+VkH4=,1
2025-07-18T12:33:25: QR Code for session 81b1ef9c-24f9-4801-ac97-b88795c04f9e: 2@svxcrLN39hBg2+aLLIfp+HuqJpHsxrYMw2qw+MJPoJf0XGKsYiWY0UKEP/MbJYHZJAZcMDpZqO4N7M8IZoRtmZf1zbuPzrWBpUE=,NsQGi+Dt9HS+YQPhni25pk+EuHBpnYXPNm4g135ZY24=,luL1cI5LQApnmnGLRnL93vEqmxsgVWYKM3FH7ILShRE=,+sbT4mDnICPWiV7WX4hA3dkYcvmDOHOMwKVgWS+VkH4=,1
2025-07-18T12:33:45: QR Code for session 81b1ef9c-24f9-4801-ac97-b88795c04f9e: 2@cu2VIvaC9OGIq4/n43h8QxNAihIUUuD8OR0ItSc0sYwDlGUWYOwmjHbh5J8nRGQ4ajTqmZO3qZe5ptrrYW8OXz4NWembnCf7brI=,NsQGi+Dt9HS+YQPhni25pk+EuHBpnYXPNm4g135ZY24=,luL1cI5LQApnmnGLRnL93vEqmxsgVWYKM3FH7ILShRE=,+sbT4mDnICPWiV7WX4hA3dkYcvmDOHOMwKVgWS+VkH4=,1
2025-07-18T12:34:05: QR Code for session 81b1ef9c-24f9-4801-ac97-b88795c04f9e: 2@8venRRXktY4YJ+cOuvF0w60lL3QXEo/NYQR5F3V9e+chLceIy49hCQN58SPFuJQxYY/UT+69jah75+lo1nL/sucPxREb6m4ylHU=,NsQGi+Dt9HS+YQPhni25pk+EuHBpnYXPNm4g135ZY24=,luL1cI5LQApnmnGLRnL93vEqmxsgVWYKM3FH7ILShRE=,+sbT4mDnICPWiV7WX4hA3dkYcvmDOHOMwKVgWS+VkH4=,1
2025-07-18T12:34:25: QR Code for session 81b1ef9c-24f9-4801-ac97-b88795c04f9e: 2@6NjCeGlLdVIu9ieLFP8wic7L0iwVOATNKZTnPEL7rCSypQ5hZDESsEGe6MwBPLdpvkUO4zNwBNSyJfkBrcvnkahPuANdlZAJbak=,NsQGi+Dt9HS+YQPhni25pk+EuHBpnYXPNm4g135ZY24=,luL1cI5LQApnmnGLRnL93vEqmxsgVWYKM3FH7ILShRE=,+sbT4mDnICPWiV7WX4hA3dkYcvmDOHOMwKVgWS+VkH4=,1
2025-07-18T12:34:32: Client disconnected: Vk4L5G64gG8_bq67AAAB
2025-07-18T12:34:32: Client connected: znnxrIVEXz3UExtOAAAD
2025-07-18T12:34:33: Client disconnected: znnxrIVEXz3UExtOAAAD
2025-07-18T12:34:40: Client connected: 90xS5VM0xuQjmO6pAAAF
2025-07-18T12:35:36: QR Code for session 81b1ef9c-24f9-4801-ac97-b88795c04f9e: 2@ziqP4OMd1oPaoOsb1ABcytp2gOC05k791NOh5eHir07ix9wrINdUe4P75Bc3whSRUj3bIzApYmGEPs23LXHfcMhKr92zCOp7CrA=,NsQGi+Dt9HS+YQPhni25pk+EuHBpnYXPNm4g135ZY24=,luL1cI5LQApnmnGLRnL93vEqmxsgVWYKM3FH7ILShRE=,+sbT4mDnICPWiV7WX4hA3dkYcvmDOHOMwKVgWS+VkH4=,1
2025-07-18T12:36:36: QR Code for session 81b1ef9c-24f9-4801-ac97-b88795c04f9e: 2@VTfLW3QkKbtbxHzuLK3ietyyyihtN0yo2Vb7mbwIGhOh0Z2+vKV6QNmgtWpGfcv05yoiVezrOOwTP5bJQdaZkmYOUWFH3d/4xMo=,NsQGi+Dt9HS+YQPhni25pk+EuHBpnYXPNm4g135ZY24=,luL1cI5LQApnmnGLRnL93vEqmxsgVWYKM3FH7ILShRE=,+sbT4mDnICPWiV7WX4hA3dkYcvmDOHOMwKVgWS+VkH4=,1
2025-07-18T12:36:56: QR Code for session 81b1ef9c-24f9-4801-ac97-b88795c04f9e: 2@TScobNV7WKWEg5OYnWDTpAkhQBB/OWKWfMDlrWMti7LlW3byzo+wPB1G8nbTkJP47kFzhswFKHGgPIfvmGXhx+x3POO3YNkoxK8=,NsQGi+Dt9HS+YQPhni25pk+EuHBpnYXPNm4g135ZY24=,luL1cI5LQApnmnGLRnL93vEqmxsgVWYKM3FH7ILShRE=,+sbT4mDnICPWiV7WX4hA3dkYcvmDOHOMwKVgWS+VkH4=,1
2025-07-18T12:37:11: Client connected: isb2WnDmLk7OXTDoAAAH
2025-07-18T12:37:12: Client disconnected: isb2WnDmLk7OXTDoAAAH
2025-07-18T12:37:16: QR Code for session 81b1ef9c-24f9-4801-ac97-b88795c04f9e: 2@Pu5dXlq6uwjzPKETON6DhFxPubg/i0PXNqV3WwIum/0QMshd18w2BUzIF0tNJ+vpEe3e7j0fOexDCkUOl7sqJkWMkwDZ9BocORA=,NsQGi+Dt9HS+YQPhni25pk+EuHBpnYXPNm4g135ZY24=,luL1cI5LQApnmnGLRnL93vEqmxsgVWYKM3FH7ILShRE=,+sbT4mDnICPWiV7WX4hA3dkYcvmDOHOMwKVgWS+VkH4=,1
2025-07-18T12:37:17: Client connected: ElrV-7UjYQ7pu8vIAAAJ
2025-07-18T12:37:25: Client connected: WvuqfjlpkoWHNOXhAAAL
2025-07-18T12:37:32: Client connected: 13woGIgvz1nRvPuLAAAN
2025-07-18T12:37:33: Client disconnected: 13woGIgvz1nRvPuLAAAN
2025-07-18T12:37:36: QR Code for session 81b1ef9c-24f9-4801-ac97-b88795c04f9e: 2@8cpHe//bQVrXYmIRKu5XmlNjVWZF90wrRB3K2l6FEz+e+ki7c3g9FVlIk4FrfDaUbyyq21A+0oucXRLgphf/ZRf3Kku9HeqIiHM=,NsQGi+Dt9HS+YQPhni25pk+EuHBpnYXPNm4g135ZY24=,luL1cI5LQApnmnGLRnL93vEqmxsgVWYKM3FH7ILShRE=,+sbT4mDnICPWiV7WX4hA3dkYcvmDOHOMwKVgWS+VkH4=,1
2025-07-18T12:37:44: Client connected: 9d9qRJjkWmUhB_QaAAAP
2025-07-18T12:37:55: Client disconnected: 90xS5VM0xuQjmO6pAAAF
2025-07-18T12:37:56: QR Code for session 81b1ef9c-24f9-4801-ac97-b88795c04f9e: 2@dejaYAyZQk2TUykMJf3M4quYAt0EDuIsW9NNOYaywKZhvXT9qvoD7fk/IZGWB7MFEOZyMSFMuVPyFet3Pv10YtMl9Vue4yR+QXs=,NsQGi+Dt9HS+YQPhni25pk+EuHBpnYXPNm4g135ZY24=,luL1cI5LQApnmnGLRnL93vEqmxsgVWYKM3FH7ILShRE=,+sbT4mDnICPWiV7WX4hA3dkYcvmDOHOMwKVgWS+VkH4=,1
2025-07-18T12:38:02: Client disconnected: ElrV-7UjYQ7pu8vIAAAJ
2025-07-18T12:38:09: Client disconnected: WvuqfjlpkoWHNOXhAAAL
2025-07-18T12:39:08: QR Code for session 81b1ef9c-24f9-4801-ac97-b88795c04f9e: 2@Pq3C699e0HB8BNE+t3OnUvbVyqPgbfsMKK07jDJ3TZpKrp06GatZgQLXLs0dubC3ioPkSafj2ZkGGvCmih8tVMOC1MzDOA9ZaHQ=,NsQGi+Dt9HS+YQPhni25pk+EuHBpnYXPNm4g135ZY24=,luL1cI5LQApnmnGLRnL93vEqmxsgVWYKM3FH7ILShRE=,+sbT4mDnICPWiV7WX4hA3dkYcvmDOHOMwKVgWS+VkH4=,1
2025-07-18T12:40:08: QR Code for session 81b1ef9c-24f9-4801-ac97-b88795c04f9e: 2@PB5dHHEg7Cv0xCssiSCrDKwO7IsE3bRmpnjK1i37MFPe3bFzzYc3pO6jZf02+LUS4YojgPFi/PFu2pLj9jR33NYix78NKirUVBg=,NsQGi+Dt9HS+YQPhni25pk+EuHBpnYXPNm4g135ZY24=,luL1cI5LQApnmnGLRnL93vEqmxsgVWYKM3FH7ILShRE=,+sbT4mDnICPWiV7WX4hA3dkYcvmDOHOMwKVgWS+VkH4=,1
2025-07-18T12:40:28: QR Code for session 81b1ef9c-24f9-4801-ac97-b88795c04f9e: 2@1SSvOQo4cBYrkkbYid3Ryk//DoCYVKLEjEjNfqQqbvBCQy2chQIHYlCdeAMI7ZDriWVkGI2AaeLwvBicKyu5oQ0N0TUM3qcSGTQ=,NsQGi+Dt9HS+YQPhni25pk+EuHBpnYXPNm4g135ZY24=,luL1cI5LQApnmnGLRnL93vEqmxsgVWYKM3FH7ILShRE=,+sbT4mDnICPWiV7WX4hA3dkYcvmDOHOMwKVgWS+VkH4=,1
2025-07-18T12:40:48: QR Code for session 81b1ef9c-24f9-4801-ac97-b88795c04f9e: 2@wulMnFQIs/2Wam1Wtmmf/x7JtRnZhIcgN1KqRVX+n6+D+GfQtPiAmt812646XvGN6IP+fAGg5FrzpOIXAEw8lfks7IBukPuZaMw=,NsQGi+Dt9HS+YQPhni25pk+EuHBpnYXPNm4g135ZY24=,luL1cI5LQApnmnGLRnL93vEqmxsgVWYKM3FH7ILShRE=,+sbT4mDnICPWiV7WX4hA3dkYcvmDOHOMwKVgWS+VkH4=,1
2025-07-18T12:41:08: QR Code for session 81b1ef9c-24f9-4801-ac97-b88795c04f9e: 2@W1Ob4Vr5CkVHVxte64mvpd/P3g32oUwcCxyXIDKkIPQF3p67pym1yC7EKboyONUKqGNnKHQ9aSG9vC7YBYwMJ6WT0jo/4nDqybc=,NsQGi+Dt9HS+YQPhni25pk+EuHBpnYXPNm4g135ZY24=,luL1cI5LQApnmnGLRnL93vEqmxsgVWYKM3FH7ILShRE=,+sbT4mDnICPWiV7WX4hA3dkYcvmDOHOMwKVgWS+VkH4=,1
2025-07-18T12:41:28: QR Code for session 81b1ef9c-24f9-4801-ac97-b88795c04f9e: 2@vv3CCW2QxlqvomyuopZGYyiO5WXGOUHh60DgPrUWiJlugb7JyX63Q/wzpVmTS+11x2xrYV4Xqf4YPB7ravmCqDuJVpu8OJRsrjg=,NsQGi+Dt9HS+YQPhni25pk+EuHBpnYXPNm4g135ZY24=,luL1cI5LQApnmnGLRnL93vEqmxsgVWYKM3FH7ILShRE=,+sbT4mDnICPWiV7WX4hA3dkYcvmDOHOMwKVgWS+VkH4=,1
2025-07-18T12:42:22: Client disconnected: 9d9qRJjkWmUhB_QaAAAP
2025-07-18T12:42:24: Client connected: ZZIi5sSfkdnFIZmzAAAR
2025-07-18T12:42:39: QR Code for session 81b1ef9c-24f9-4801-ac97-b88795c04f9e: 2@2GEOLZmVBLo21GnsPBXhADj0qhSyIYEYvakdm4/TEQuVyn0/vT88t2sXH4wTgAV/qQ24mCKkgamur+c180Go2J28kC36I85DOR4=,NsQGi+Dt9HS+YQPhni25pk+EuHBpnYXPNm4g135ZY24=,luL1cI5LQApnmnGLRnL93vEqmxsgVWYKM3FH7ILShRE=,+sbT4mDnICPWiV7WX4hA3dkYcvmDOHOMwKVgWS+VkH4=,1
2025-07-18T12:43:31: Client connected: PCqR2YVird1HqTb6AAAT
2025-07-18T12:43:32: Client disconnected: PCqR2YVird1HqTb6AAAT
2025-07-18T12:43:36: Client connected: u52uAj2v4hN0F0w9AAAV
2025-07-18T12:43:38: Client disconnected: u52uAj2v4hN0F0w9AAAV
2025-07-18T12:43:39: QR Code for session 81b1ef9c-24f9-4801-ac97-b88795c04f9e: 2@yZGjoPtX3Psyn+DPfkRXbrVrOWKFyjP2jGOCZDHpLNoBNlQBvcLTPUrs6tJmlMe4RidmZ3DjXUVrXmp9qImtIguWsRHQeygUrvw=,NsQGi+Dt9HS+YQPhni25pk+EuHBpnYXPNm4g135ZY24=,luL1cI5LQApnmnGLRnL93vEqmxsgVWYKM3FH7ILShRE=,+sbT4mDnICPWiV7WX4hA3dkYcvmDOHOMwKVgWS+VkH4=,1
2025-07-18T12:43:51: Client connected: G_zDI2EmkudEiJsMAAAX
2025-07-18T12:43:59: Client disconnected: ZZIi5sSfkdnFIZmzAAAR
2025-07-18T12:43:59: QR Code for session 81b1ef9c-24f9-4801-ac97-b88795c04f9e: 2@O+uYGLmtZpRvfBaEgAoEl1NKlLkObcbTPXwPLVtj2iDwrnnoAyqVlj9nFAOgzMpncIRw14xYtZFpwKs/uXy73tN7tG9rffvdHcc=,NsQGi+Dt9HS+YQPhni25pk+EuHBpnYXPNm4g135ZY24=,luL1cI5LQApnmnGLRnL93vEqmxsgVWYKM3FH7ILShRE=,+sbT4mDnICPWiV7WX4hA3dkYcvmDOHOMwKVgWS+VkH4=,1
2025-07-18T12:44:19: QR Code for session 81b1ef9c-24f9-4801-ac97-b88795c04f9e: 2@2DyuWxnWg40PiTZX++xbUur9gTRjH1DGepVZ997PVKvI0jBNXBzBlDQnvbNPrgh+l534dx6O+AML56GPlSQZjs6POIde+EJeTzk=,NsQGi+Dt9HS+YQPhni25pk+EuHBpnYXPNm4g135ZY24=,luL1cI5LQApnmnGLRnL93vEqmxsgVWYKM3FH7ILShRE=,+sbT4mDnICPWiV7WX4hA3dkYcvmDOHOMwKVgWS+VkH4=,1
2025-07-18T12:44:39: QR Code for session 81b1ef9c-24f9-4801-ac97-b88795c04f9e: 2@J4LEbQWpdN6OK1bJSHRhTwR7QBW2ZMDZSvVK9Fa2RNwpqYyby0wb+Uym21kNvWh45KfZCcv0UxiLDTI3jUsn+F7fi7MZSNGiERQ=,NsQGi+Dt9HS+YQPhni25pk+EuHBpnYXPNm4g135ZY24=,luL1cI5LQApnmnGLRnL93vEqmxsgVWYKM3FH7ILShRE=,+sbT4mDnICPWiV7WX4hA3dkYcvmDOHOMwKVgWS+VkH4=,1
2025-07-18T12:44:59: QR Code for session 81b1ef9c-24f9-4801-ac97-b88795c04f9e: 2@IvKiF0XHp9wviFdzmYk09URuzNClUKVOiElIFqGd35uODbqlLLVEsynp57ltqQRHcJUik2q2wbK5OiQN+sqNF+oi5wq966jh/qc=,NsQGi+Dt9HS+YQPhni25pk+EuHBpnYXPNm4g135ZY24=,luL1cI5LQApnmnGLRnL93vEqmxsgVWYKM3FH7ILShRE=,+sbT4mDnICPWiV7WX4hA3dkYcvmDOHOMwKVgWS+VkH4=,1
2025-07-18T12:45:21: Client connected: kZXlchXLQj7GQHrjAAAZ
2025-07-18T12:45:28: Client disconnected: kZXlchXLQj7GQHrjAAAZ
2025-07-18T12:45:30: Client connected: g1U4EQQisr_A2Fp_AAAb
2025-07-18T12:45:51: Client disconnected: G_zDI2EmkudEiJsMAAAX
2025-07-18T12:46:11: QR Code for session 81b1ef9c-24f9-4801-ac97-b88795c04f9e: 2@R0h1xw6p+nMkZQhVr+2EskdHD6jUio1AbPjJOG6n0mAFirWFv21NGm0buVXrmKJ7pLMTVFteki03g6yHS7N+zeYUmhsfYvNb3Bc=,NsQGi+Dt9HS+YQPhni25pk+EuHBpnYXPNm4g135ZY24=,luL1cI5LQApnmnGLRnL93vEqmxsgVWYKM3FH7ILShRE=,+sbT4mDnICPWiV7WX4hA3dkYcvmDOHOMwKVgWS+VkH4=,1
2025-07-18T12:47:11: QR Code for session 81b1ef9c-24f9-4801-ac97-b88795c04f9e: 2@J1G4cJF61mmfpEE5K40h644NhDb9OZ0RuVV1m0rwPpKJeeyjVwS2udsOb82y3U1Yla/KNFmmcgzK2pRoAN8++KAHLNla7uK125Y=,NsQGi+Dt9HS+YQPhni25pk+EuHBpnYXPNm4g135ZY24=,luL1cI5LQApnmnGLRnL93vEqmxsgVWYKM3FH7ILShRE=,+sbT4mDnICPWiV7WX4hA3dkYcvmDOHOMwKVgWS+VkH4=,1
2025-07-18T12:47:31: QR Code for session 81b1ef9c-24f9-4801-ac97-b88795c04f9e: 2@gp+KUyZZZLci8uG96vKk41cyURWtUhr1ChWUTXECIbh5/KQZzgSSJzv0XnYasC+g5x0pgJknsBt/mIeiIUZugsv4MdxcbBZfnw4=,NsQGi+Dt9HS+YQPhni25pk+EuHBpnYXPNm4g135ZY24=,luL1cI5LQApnmnGLRnL93vEqmxsgVWYKM3FH7ILShRE=,+sbT4mDnICPWiV7WX4hA3dkYcvmDOHOMwKVgWS+VkH4=,1
2025-07-18T12:47:51: QR Code for session 81b1ef9c-24f9-4801-ac97-b88795c04f9e: 2@MpA/1tXqI/YQhEKYWAtc1b3bcuLcNFPpOpHcHzf4tmB/JokafvsB3Qz0Fqmtoo1Iy5DMAr8zqoEpJ7HfZN9K7iRz3ZdS8nL1ZHE=,NsQGi+Dt9HS+YQPhni25pk+EuHBpnYXPNm4g135ZY24=,luL1cI5LQApnmnGLRnL93vEqmxsgVWYKM3FH7ILShRE=,+sbT4mDnICPWiV7WX4hA3dkYcvmDOHOMwKVgWS+VkH4=,1
2025-07-18T12:48:11: QR Code for session 81b1ef9c-24f9-4801-ac97-b88795c04f9e: 2@Y3PqdySbYF/7mPEdT7qtnjgAEnRWCD3QIO4KY6+p2blc2U0HEBi1kMOIbvKCy3vCik6jCcR0+2JUG2SVlV6N/Ork5yS403VjEjM=,NsQGi+Dt9HS+YQPhni25pk+EuHBpnYXPNm4g135ZY24=,luL1cI5LQApnmnGLRnL93vEqmxsgVWYKM3FH7ILShRE=,+sbT4mDnICPWiV7WX4hA3dkYcvmDOHOMwKVgWS+VkH4=,1
2025-07-18T12:48:31: QR Code for session 81b1ef9c-24f9-4801-ac97-b88795c04f9e: 2@M7l5jMjf7dJhP0j92WpqGzZ6YsV4BF8woEAoZ/mHbAS1u77yjmVpHnNkdCgCxK6TheGIxxQlPhDIVb1CjNo4ht358h8jQuQ3hBE=,NsQGi+Dt9HS+YQPhni25pk+EuHBpnYXPNm4g135ZY24=,luL1cI5LQApnmnGLRnL93vEqmxsgVWYKM3FH7ILShRE=,+sbT4mDnICPWiV7WX4hA3dkYcvmDOHOMwKVgWS+VkH4=,1
2025-07-18T12:49:42: QR Code for session 81b1ef9c-24f9-4801-ac97-b88795c04f9e: 2@5HlnM3TTi4+JlIRQkWbGkAgTjWpyrooIRpAjDpw3FKq6+dEsvRpTG+VaDeOvb0Tx38lmfy3yUVWcVd8UwVWU/j/YqAmnBO5UMOU=,NsQGi+Dt9HS+YQPhni25pk+EuHBpnYXPNm4g135ZY24=,luL1cI5LQApnmnGLRnL93vEqmxsgVWYKM3FH7ILShRE=,+sbT4mDnICPWiV7WX4hA3dkYcvmDOHOMwKVgWS+VkH4=,1
2025-07-18T12:50:27: Client connected: YM2grloo_JwwqH8HAAAd
2025-07-18T12:50:28: Client disconnected: YM2grloo_JwwqH8HAAAd
2025-07-18T12:50:42: QR Code for session 81b1ef9c-24f9-4801-ac97-b88795c04f9e: 2@gv2rjhtlU66mdEyfgrbo7TUNSUMHMrDOa4MewUS+QnndCGCGrVZIF7jHGhwEFhC1n5P48oz6BfSDOMREPBRtZ7kUfZXoqVOEVB0=,NsQGi+Dt9HS+YQPhni25pk+EuHBpnYXPNm4g135ZY24=,luL1cI5LQApnmnGLRnL93vEqmxsgVWYKM3FH7ILShRE=,+sbT4mDnICPWiV7WX4hA3dkYcvmDOHOMwKVgWS+VkH4=,1
2025-07-18T12:50:51: Client disconnected: g1U4EQQisr_A2Fp_AAAb
2025-07-18T12:50:59: Client connected: srEEEIV1BWXS3s7cAAAf
2025-07-18T12:51:01: Client disconnected: srEEEIV1BWXS3s7cAAAf
2025-07-18T12:51:02: QR Code for session 81b1ef9c-24f9-4801-ac97-b88795c04f9e: 2@5ek49gFWfo8fq0DtVf9tbHw4/CXB3A7CI0syVukta/RgA8bOdG0C+hwPXop8jMm00j9lGQfWVNEBkxbxmHyMjQxowkaWSvTHZ1w=,NsQGi+Dt9HS+YQPhni25pk+EuHBpnYXPNm4g135ZY24=,luL1cI5LQApnmnGLRnL93vEqmxsgVWYKM3FH7ILShRE=,+sbT4mDnICPWiV7WX4hA3dkYcvmDOHOMwKVgWS+VkH4=,1
2025-07-18T12:51:04: Client connected: 8URAh_vRZTxHgPIkAAAh
2025-07-18T12:51:06: Client disconnected: 8URAh_vRZTxHgPIkAAAh
2025-07-18T12:51:22: QR Code for session 81b1ef9c-24f9-4801-ac97-b88795c04f9e: 2@mFIv5iemdD5zuuziFBkLmL71cIBe7Od5mYMeTTv8q7Ifnl+spJmoEiK0TAl6jLN5v59htUCLc7KsXZqIcfkynG/QqEQcllSzRKI=,NsQGi+Dt9HS+YQPhni25pk+EuHBpnYXPNm4g135ZY24=,luL1cI5LQApnmnGLRnL93vEqmxsgVWYKM3FH7ILShRE=,+sbT4mDnICPWiV7WX4hA3dkYcvmDOHOMwKVgWS+VkH4=,1
2025-07-18T12:51:24: Client connected: UplUYFefgag90sShAAAj
2025-07-18T12:51:25: Client disconnected: UplUYFefgag90sShAAAj
2025-07-18T12:51:42: QR Code for session 81b1ef9c-24f9-4801-ac97-b88795c04f9e: 2@2/P3KR06PefnnJydByJwn2cFQe5auiGvb/xgzH9WYVr9bHDmeP/a1kiV+TF1MvV+VIuyJWbqFwH/9Jg5QysZV6SAy34wPTPiFho=,NsQGi+Dt9HS+YQPhni25pk+EuHBpnYXPNm4g135ZY24=,luL1cI5LQApnmnGLRnL93vEqmxsgVWYKM3FH7ILShRE=,+sbT4mDnICPWiV7WX4hA3dkYcvmDOHOMwKVgWS+VkH4=,1
2025-07-18T12:52:02: QR Code for session 81b1ef9c-24f9-4801-ac97-b88795c04f9e: 2@rOm9PnWzvpVjHzzeyGP5eu7raQXeOJGapTilYDBF71EUslZwEDIQH59Q7P8KczEflGIzrvRPNNF64w51YMCg9VuMVB4PLhYHRXE=,NsQGi+Dt9HS+YQPhni25pk+EuHBpnYXPNm4g135ZY24=,luL1cI5LQApnmnGLRnL93vEqmxsgVWYKM3FH7ILShRE=,+sbT4mDnICPWiV7WX4hA3dkYcvmDOHOMwKVgWS+VkH4=,1
2025-07-18T12:53:13: QR Code for session 81b1ef9c-24f9-4801-ac97-b88795c04f9e: 2@Nm/w7BZq62jigGcG7fUk3Dq7DFWbWsj7mAl2xh4TTk2RAW5f1s1V3Ek7PiGovi7wED7VCdY6hAD+5dwyYgvLpHXm5O5GZyhPwzc=,NsQGi+Dt9HS+YQPhni25pk+EuHBpnYXPNm4g135ZY24=,luL1cI5LQApnmnGLRnL93vEqmxsgVWYKM3FH7ILShRE=,+sbT4mDnICPWiV7WX4hA3dkYcvmDOHOMwKVgWS+VkH4=,1
2025-07-18T12:54:13: QR Code for session 81b1ef9c-24f9-4801-ac97-b88795c04f9e: 2@J7fAOKiVd0x+oflKXhegI0EAnDbXsz1IZHmaasJllWrEWM6MoqhIvrbhRTNHsr3htG+UjICaGt9OqU1OD9fku6tAwEyvYG3GD84=,NsQGi+Dt9HS+YQPhni25pk+EuHBpnYXPNm4g135ZY24=,luL1cI5LQApnmnGLRnL93vEqmxsgVWYKM3FH7ILShRE=,+sbT4mDnICPWiV7WX4hA3dkYcvmDOHOMwKVgWS+VkH4=,1
2025-07-18T12:54:21: Client connected: 7QHyqzkxrsOt60djAAAl
2025-07-18T12:54:33: QR Code for session 81b1ef9c-24f9-4801-ac97-b88795c04f9e: 2@rX71/NCbfa+LDRXr4lZNLSzSeP8xDecsiSAdIXxVjny8ZaHoUM1/irlCU4tq9Q1OGpAYoMhbu7jMpZf2w3XPW6SbtPZp5m/htBQ=,NsQGi+Dt9HS+YQPhni25pk+EuHBpnYXPNm4g135ZY24=,luL1cI5LQApnmnGLRnL93vEqmxsgVWYKM3FH7ILShRE=,+sbT4mDnICPWiV7WX4hA3dkYcvmDOHOMwKVgWS+VkH4=,1
2025-07-18T12:54:53: QR Code for session 81b1ef9c-24f9-4801-ac97-b88795c04f9e: 2@+5a1KoCmVHw81Ap9YFpwEnuiIEGv1G4xFFPRvmqG7koINoRS2Z/BJQyki97xlsmsi5yjQCWpqXMl9D4dmKpaQT+CCbyWgLqPPe0=,NsQGi+Dt9HS+YQPhni25pk+EuHBpnYXPNm4g135ZY24=,luL1cI5LQApnmnGLRnL93vEqmxsgVWYKM3FH7ILShRE=,+sbT4mDnICPWiV7WX4hA3dkYcvmDOHOMwKVgWS+VkH4=,1
2025-07-18T12:55:13: QR Code for session 81b1ef9c-24f9-4801-ac97-b88795c04f9e: 2@9wiGeggPPTcKiKFrRP6qKTvsBdv+q5lniqPWrw1Kwv6YmMOSBwYtV5z1IqoJ+4QOx4+U8MBMPjN7bepS43rAoGL7eXiU2Sm5uBo=,NsQGi+Dt9HS+YQPhni25pk+EuHBpnYXPNm4g135ZY24=,luL1cI5LQApnmnGLRnL93vEqmxsgVWYKM3FH7ILShRE=,+sbT4mDnICPWiV7WX4hA3dkYcvmDOHOMwKVgWS+VkH4=,1
2025-07-18T12:55:33: QR Code for session 81b1ef9c-24f9-4801-ac97-b88795c04f9e: 2@5rkC1grv7dqbijkhDF+XtSqbwotlkSvbJBXGq5bEMmxnDxeZs//ZuR6UF5QN3ZxM+p0Qro378AQsxERYuDw6PbmZOkNIUhEbh2Q=,NsQGi+Dt9HS+YQPhni25pk+EuHBpnYXPNm4g135ZY24=,luL1cI5LQApnmnGLRnL93vEqmxsgVWYKM3FH7ILShRE=,+sbT4mDnICPWiV7WX4hA3dkYcvmDOHOMwKVgWS+VkH4=,1
2025-07-18T12:55:36: Client connected: RLHeDPIsxcfk0e31AAAn
2025-07-18T12:55:45: Client connected: eTMbZtZuLf7Q5d1lAAAp
2025-07-18T12:55:56: Client disconnected: 7QHyqzkxrsOt60djAAAl
2025-07-18T12:56:21: Client disconnected: RLHeDPIsxcfk0e31AAAn
2025-07-18T12:56:46: QR Code for session 81b1ef9c-24f9-4801-ac97-b88795c04f9e: 2@FzLVjziIzk4+vC+X+c+wjX1h1Dw2cy76+3fjw7vowlZfY6K09cT2f9nnHGhcnuVP+KMbbRP5/JknzsrfLHIm/lUc8/S0c8jkCHA=,NsQGi+Dt9HS+YQPhni25pk+EuHBpnYXPNm4g135ZY24=,luL1cI5LQApnmnGLRnL93vEqmxsgVWYKM3FH7ILShRE=,+sbT4mDnICPWiV7WX4hA3dkYcvmDOHOMwKVgWS+VkH4=,1
2025-07-18T12:56:50: Client connected: Ypuwmk1croo9v8xlAAAr
2025-07-18T12:57:20: Client disconnected: eTMbZtZuLf7Q5d1lAAAp
2025-07-18T12:57:46: QR Code for session 81b1ef9c-24f9-4801-ac97-b88795c04f9e: 2@cLJflq0VAtGu9MbXehaK/Efu+dOCMlfyZ5DHLgnomJye8PmQjd2P+kRnPbgQX69RKGxD7WiZUx6F2h3EQjg386pjaRrZ/X09SfE=,NsQGi+Dt9HS+YQPhni25pk+EuHBpnYXPNm4g135ZY24=,luL1cI5LQApnmnGLRnL93vEqmxsgVWYKM3FH7ILShRE=,+sbT4mDnICPWiV7WX4hA3dkYcvmDOHOMwKVgWS+VkH4=,1
2025-07-18T12:58:06: QR Code for session 81b1ef9c-24f9-4801-ac97-b88795c04f9e: 2@ja9Cjy5MLE9YADg1h0jdm2d/+VGyQow1zBTatVbMsgPO+FisBWYtW/3DUzC6Ig44IFFLs0sSvCixjrk7M3X7WfH9nAf+N44pepI=,NsQGi+Dt9HS+YQPhni25pk+EuHBpnYXPNm4g135ZY24=,luL1cI5LQApnmnGLRnL93vEqmxsgVWYKM3FH7ILShRE=,+sbT4mDnICPWiV7WX4hA3dkYcvmDOHOMwKVgWS+VkH4=,1
2025-07-18T12:58:26: QR Code for session 81b1ef9c-24f9-4801-ac97-b88795c04f9e: 2@9MoO7sSdZqi5qf65X2lHWPQTEvohrJ75hXbZEaxxEMCPpfNcRkrv3M8NG7jr9W4MUS3XCo52S9fGrZNUkOYmZRIE07VKKeD1Fig=,NsQGi+Dt9HS+YQPhni25pk+EuHBpnYXPNm4g135ZY24=,luL1cI5LQApnmnGLRnL93vEqmxsgVWYKM3FH7ILShRE=,+sbT4mDnICPWiV7WX4hA3dkYcvmDOHOMwKVgWS+VkH4=,1
2025-07-18T12:58:46: QR Code for session 81b1ef9c-24f9-4801-ac97-b88795c04f9e: 2@IvP3okvQvtgXZ+rh8i7YmJYnDbOQ5aUxr5ssNEsny8A0Y/BgzmTrzpCMlF2qAKPAsxC6Vjq2sE4WP5vCOmE1Ful6NCdhFZdJOzU=,NsQGi+Dt9HS+YQPhni25pk+EuHBpnYXPNm4g135ZY24=,luL1cI5LQApnmnGLRnL93vEqmxsgVWYKM3FH7ILShRE=,+sbT4mDnICPWiV7WX4hA3dkYcvmDOHOMwKVgWS+VkH4=,1
2025-07-18T12:59:06: QR Code for session 81b1ef9c-24f9-4801-ac97-b88795c04f9e: 2@w2sPer0IO2163lYOwghGinFZdEt0205n9doRB2Hbn5UEfgK5CdTdeUbYrEvRP+PHuTPhcDKDY4V8vRDcWvGVoMQB71xCDwFl5FY=,NsQGi+Dt9HS+YQPhni25pk+EuHBpnYXPNm4g135ZY24=,luL1cI5LQApnmnGLRnL93vEqmxsgVWYKM3FH7ILShRE=,+sbT4mDnICPWiV7WX4hA3dkYcvmDOHOMwKVgWS+VkH4=,1
2025-07-18T13:00:17: QR Code for session 81b1ef9c-24f9-4801-ac97-b88795c04f9e: 2@3FjyxmKtH6tnqy5N4PhrkgMh3wM7d1FnAh73+sfT2zsdZLtCNC25AqOKQM7Tyglt2gCVw/NfkVdkUkLuDxzYNh4m/QCRKNMcwik=,NsQGi+Dt9HS+YQPhni25pk+EuHBpnYXPNm4g135ZY24=,luL1cI5LQApnmnGLRnL93vEqmxsgVWYKM3FH7ILShRE=,+sbT4mDnICPWiV7WX4hA3dkYcvmDOHOMwKVgWS+VkH4=,1
2025-07-18T13:01:17: QR Code for session 81b1ef9c-24f9-4801-ac97-b88795c04f9e: 2@AJyWMUVbORzjSQPrEGkNz7SQUhhkZwEyD2VOVa8dsM+Z+MYI15zIa4PC0f//9GhwxO3LkMcKKaOKuxe06oInoRlWnxzDW7oYKQU=,NsQGi+Dt9HS+YQPhni25pk+EuHBpnYXPNm4g135ZY24=,luL1cI5LQApnmnGLRnL93vEqmxsgVWYKM3FH7ILShRE=,+sbT4mDnICPWiV7WX4hA3dkYcvmDOHOMwKVgWS+VkH4=,1
2025-07-18T13:01:28: WhatsApp server running on port 3001
2025-07-18T13:01:29: Client connected: wkN4Zj2baQlt48Q9AAAB
2025-07-18T13:02:05: Client connected: egxOo6lHS4sNMI2LAAAD
2025-07-18T13:02:09: Client disconnected: egxOo6lHS4sNMI2LAAAD
2025-07-18T13:02:09: Client connected: ySiC3Lk1EFJ8Y5uMAAAF
2025-07-18T13:02:11: Client disconnected: ySiC3Lk1EFJ8Y5uMAAAF
2025-07-18T13:02:12: Client connected: 2Idcjq0KzPtCd2UpAAAH
2025-07-18T13:02:13: Client disconnected: 2Idcjq0KzPtCd2UpAAAH
2025-07-18T13:02:13: Client connected: Tl38fra7ESfMJxiFAAAJ
2025-07-18T13:02:15: Client disconnected: Tl38fra7ESfMJxiFAAAJ
2025-07-18T13:02:15: Client connected: Oe51tILxXJfDdTrhAAAL
2025-07-18T13:02:22: Client disconnected: Oe51tILxXJfDdTrhAAAL
2025-07-18T13:02:22: Client connected: 9YImtwN-sIn6Qy3yAAAN
2025-07-18T13:02:39: Client disconnected: wkN4Zj2baQlt48Q9AAAB
2025-07-18T13:08:05: Client disconnected: 9YImtwN-sIn6Qy3yAAAN
2025-07-18T13:08:06: Client connected: Xi141_EiSPZATIllAAAP
2025-07-18T13:08:18: Client connected: Ue28M9R-2Wf-Df95AAAR
2025-07-18T13:08:31: Client connected: vHrCNWTN3Ma8qy31AAAT
2025-07-18T13:08:51: Client disconnected: Xi141_EiSPZATIllAAAP
2025-07-18T13:09:03: Client disconnected: Ue28M9R-2Wf-Df95AAAR
2025-07-18T13:10:36: Client connected: O9r1tzlYGXLA2noVAAAV
2025-07-18T13:11:02: Client disconnected: vHrCNWTN3Ma8qy31AAAT
2025-07-18T13:15:12: WhatsApp server running on port 3001
2025-07-18T13:15:15: Client connected: rzfn77S2tAMmZ_9QAAAB
2025-07-18T13:15:35: Client connected: b9CWALJqmXHWHKblAAAD
2025-07-18T13:15:36: Client connected: PG33rYPKHIq_QWtSAAAF
2025-07-18T13:15:44: Client disconnected: b9CWALJqmXHWHKblAAAD
2025-07-18T13:15:44: Client disconnected: PG33rYPKHIq_QWtSAAAF
2025-07-18T13:15:44: Client connected: Y-hgKL4ToB8vhDUZAAAH
2025-07-18T13:15:45: Client connected: 3zV48MQGiCwDJj8oAAAJ
2025-07-18T13:15:49: Client disconnected: 3zV48MQGiCwDJj8oAAAJ
2025-07-18T13:15:49: Client disconnected: Y-hgKL4ToB8vhDUZAAAH
2025-07-18T13:15:50: Client connected: gskEjbtRC5IVxwjMAAAL
2025-07-18T13:15:51: Client connected: 3ZLM-5dmYQovZ75yAAAN
2025-07-18T13:16:02: Client connected: fDNkoOVZ40q581yrAAAP
2025-07-18T13:16:06: QR Code for session 9c923be6-60f4-4d93-959a-fe5ea7a6201a: 2@AZ027Y405Tfq00qyWd6ijVOcNsD7b0FoyO7/6AyV4A+5QRzXH2G5eqPoNwqm4KBBoNrXk2VAvrnbIZihULdvtP/wVVRV6kKZt4I=,NpBkvWpG5ocxDPp8K39S3YLKPu2Rp/4fWEbktr7bMRc=,Ty7pnrKQz2K9/iEGV2sQv+1KQ4RQYENc/S709MDF1jw=,dvuTT9cKVWRtOGRYaOVdJ6hzwv9IFvqpZJcoHSd8VXU=,1
2025-07-18T13:16:24: Client disconnected: rzfn77S2tAMmZ_9QAAAB
2025-07-18T13:16:28: WhatsApp client 9c923be6-60f4-4d93-959a-fe5ea7a6201a is ready!
2025-07-18T13:16:52: Client disconnected: gskEjbtRC5IVxwjMAAAL
2025-07-18T13:16:52: Client disconnected: 3ZLM-5dmYQovZ75yAAAN
2025-07-18T13:16:52: Client disconnected: fDNkoOVZ40q581yrAAAP
2025-07-18T13:16:52: Client connected: f-8TIgccd9ipqhTgAAAR
2025-07-18T13:16:53: Client connected: OIS8ujLwVyX-qwU5AAAT
2025-07-18T13:16:59: Client connected: D7dM2IaXrJKUu0l0AAAV
2025-07-18T13:17:02: Client connected: qjYdcasmOPy2BSD0AAAX
2025-07-18T13:17:10: Client connected: 6qU99fic3PhSIh5dAAAZ
2025-07-18T13:19:10: Client disconnected: f-8TIgccd9ipqhTgAAAR
2025-07-18T13:19:10: Client disconnected: D7dM2IaXrJKUu0l0AAAV
2025-07-18T13:19:10: Client disconnected: OIS8ujLwVyX-qwU5AAAT
2025-07-18T13:19:10: Client disconnected: qjYdcasmOPy2BSD0AAAX
2025-07-18T13:19:10: Client disconnected: 6qU99fic3PhSIh5dAAAZ
2025-07-18T13:19:10: Client connected: 0609mhEwYirIozxqAAAb
2025-07-18T13:19:12: Client connected: E6LX9e1yyredkUs7AAAd
2025-07-18T13:19:19: Client connected: BtGqk7hRbljyGNN-AAAf
2025-07-18T13:20:47: Client connected: cT7wqyyDrsJsLKjDAAAh
2025-07-18T13:20:49: Client disconnected: 0609mhEwYirIozxqAAAb
2025-07-18T13:20:49: Client disconnected: E6LX9e1yyredkUs7AAAd
2025-07-18T13:20:49: Client disconnected: BtGqk7hRbljyGNN-AAAf
2025-07-18T13:20:56: Client connected: KkQfeOLmMQxvx0OzAAAj
2025-07-18T13:21:42: Client disconnected: KkQfeOLmMQxvx0OzAAAj
2025-07-18T13:21:42: Client disconnected: cT7wqyyDrsJsLKjDAAAh
2025-07-18T13:21:42: Client connected: aIbMVjpCB8s0hLKEAAAl
2025-07-18T13:25:16: Client disconnected: aIbMVjpCB8s0hLKEAAAl
2025-07-18T13:25:16: Client connected: dGUJa4ivvwiHkY9kAAAn
2025-07-18T13:26:56: Client disconnected: dGUJa4ivvwiHkY9kAAAn
2025-07-18T13:26:56: Client connected: m29fncT6I8AoQ9m6AAAp
2025-07-18T13:26:59: Client connected: TXpX9hu1EGeIPY21AAAr
2025-07-18T13:27:09: Client connected: 0LWQ9DkYx5huLjvcAAAt
2025-07-18T13:28:51: Client disconnected: m29fncT6I8AoQ9m6AAAp
2025-07-18T13:28:51: Client disconnected: 0LWQ9DkYx5huLjvcAAAt
2025-07-18T13:28:51: Client disconnected: TXpX9hu1EGeIPY21AAAr
2025-07-18T13:28:52: Client connected: stm1FNzXHj6b24g6AAAv
2025-07-18T13:31:21: Client disconnected: stm1FNzXHj6b24g6AAAv
2025-07-18T13:31:21: Client connected: Zn5b6jlqEKR9LwnyAAAx
2025-07-18T13:31:26: Client connected: FuwiIpzsNH5S3ewOAAAz
2025-07-18T13:36:26: Client disconnected: FuwiIpzsNH5S3ewOAAAz
2025-07-18T13:36:26: Client disconnected: Zn5b6jlqEKR9LwnyAAAx
2025-07-18T13:36:26: Client connected: 4vThwem_LgMPdr0aAAA1
2025-07-18T13:38:06: Client disconnected: 4vThwem_LgMPdr0aAAA1
2025-07-18T13:38:06: Client connected: S9vhLtKeQICGtcm9AAA3
2025-07-18T13:40:18: Client connected: 9CV6hPVGpWJaP831AAA5
2025-07-18T13:40:48: Client connected: mB4NiTu1PXLN9JpwAAA7
2025-07-18T13:42:14: Client connected: 5oU4zBa7MVrlVCr8AAA9
2025-07-18T13:42:55: Client connected: 569RaDheW79M7lBvAAA_
2025-07-18T13:43:27: Client disconnected: S9vhLtKeQICGtcm9AAA3
2025-07-18T13:45:38: Client disconnected: mB4NiTu1PXLN9JpwAAA7
2025-07-18T13:45:38: Client disconnected: 9CV6hPVGpWJaP831AAA5
2025-07-18T13:45:38: Client disconnected: 569RaDheW79M7lBvAAA_
2025-07-18T13:45:38: Client disconnected: 5oU4zBa7MVrlVCr8AAA9
2025-07-18T13:45:39: Client connected: pe-EAxvKGyXk63zxAABC
2025-07-18T13:45:40: Client disconnected: pe-EAxvKGyXk63zxAABC
2025-07-18T13:45:41: Client connected: 7GpmDPfBYT26FY5dAABE
2025-07-18T13:45:41: Client disconnected: 7GpmDPfBYT26FY5dAABE
2025-07-18T13:48:17: Client connected: hwaQLh65M56fY_b2AABM
2025-07-18T13:48:17: Client disconnected: hwaQLh65M56fY_b2AABM
2025-07-18T13:56:16: Client connected: ksKCEWtcUZASpw50AABT
2025-07-18T13:56:16: Client disconnected: ksKCEWtcUZASpw50AABT
2025-07-18T14:01:56: Client connected: 9tqMLYXAQMXc49CkAABW
2025-07-18T14:02:00: Client connected: qur8-CN_r-VGNGykAABY
2025-07-18T14:07:18: Client disconnected: qur8-CN_r-VGNGykAABY
2025-07-18T14:07:18: Client disconnected: 9tqMLYXAQMXc49CkAABW
2025-07-18T14:07:18: Client connected: LIprZqaaH6T8rvvGAABa
2025-07-18T14:07:23: Client connected: 4d36uM_PPFPGNOnkAABc
2025-07-18T14:09:04: Client connected: Z-UfcihWuZdZWNJWAABe
2025-07-18T14:09:26: Client connected: JLiJ8DiRYhmKnzu2AABg
2025-07-18T14:10:47: Client disconnected: LIprZqaaH6T8rvvGAABa
2025-07-18T14:10:47: Client disconnected: 4d36uM_PPFPGNOnkAABc
2025-07-18T14:10:47: Client disconnected: JLiJ8DiRYhmKnzu2AABg
2025-07-18T14:10:47: Client disconnected: Z-UfcihWuZdZWNJWAABe
2025-07-18T14:10:47: Client connected: ivxANdjR-0jl7ESwAABi
2025-07-18T14:10:49: Client connected: J8yBTk_naa6TZmrxAABk
2025-07-18T14:12:00: Client connected: SU8fk3yaJmZZR3rqAABm
2025-07-18T14:12:37: Client connected: 4cLo8srHCTlCPjCQAABo
2025-07-18T14:12:39: Client disconnected: J8yBTk_naa6TZmrxAABk
2025-07-18T14:12:39: Client disconnected: ivxANdjR-0jl7ESwAABi
2025-07-18T14:12:39: Client disconnected: 4cLo8srHCTlCPjCQAABo
2025-07-18T14:12:39: Client disconnected: SU8fk3yaJmZZR3rqAABm
2025-07-18T14:12:39: Client connected: zJXrB78XDLcWA62KAABq
2025-07-18T14:12:40: Client connected: -2iT-R4ItsKfG66tAABs
2025-07-18T14:12:43: Client connected: 1OoNHxTx-T2SKA-rAABu
2025-07-18T18:56:08: WhatsApp server running on port 3001
